"Task Aware Debugger for GDB" version 11.8.0 (202306131047)
Copyright 2016-2023 NXP
==================================
22:53:02.310 INFO: [ZephyrRTOS] .config file could not be read [C:\Users\ipave\Documents\GitHub\TCII\ADCMSIS\Release\.config (El sistema no puede encontrar el archivo especificado)]
22:53:02.311 INFO: [TadModel] DSF session ID 0 has started.
22:53:15.21 INFO: [TadState] TAD state changed: DEBUG_STARTED -> DEBUG_INIT_0 (RESUMED, USER_REQUEST)
22:53:15.65 INFO: [TadState] TAD state changed: DEBUG_INIT_0 -> DEBUG_INIT_1 (SUSPENDED, SIGNAL)
22:53:16.313 INFO: [TadState] TAD state changed: DEBUG_INIT_1 -> DEBUG_SUSPENDED (RESUMED, USER_REQUEST)
22:53:16.596 INFO: [TadState] TAD state changed: DEBUG_SUSPENDED -> DEBUG_SUSPENDED (SUSPENDED, BREAKPOINT)
22:53:19.72 INFO: [TadState] TAD state changed: DEBUG_SUSPENDED -> DEBUG_RESUMED (RESUMED, STEP)
22:53:19.426 INFO: [TadState] TAD state changed: DEBUG_RESUMED -> READY (SUSPENDED, STEP)
22:53:19.730 INFO: [TadState] TAD state changed: READY -> DEBUG_RESUMED (RESUMED, STEP)
22:53:20.03 INFO: [TadState] TAD state changed: DEBUG_RESUMED -> READY (SUSPENDED, STEP)
22:53:20.413 INFO: [TadState] TAD state changed: READY -> DEBUG_RESUMED (RESUMED, STEP)
22:53:20.766 INFO: [TadState] TAD state changed: DEBUG_RESUMED -> READY (SUSPENDED, STEP)
22:53:21.847 INFO: [TadState] TAD state changed: READY -> DEBUG_RESUMED (RESUMED, USER_REQUEST)
22:53:21.981 INFO: [TadState] TAD state changed: DEBUG_RESUMED -> READY (SUSPENDED, BREAKPOINT)
22:53:24.599 INFO: [TadState] TAD state changed: READY -> DEBUG_RESUMED (RESUMED, STEP)
22:53:24.730 INFO: [TadState] TAD state changed: DEBUG_RESUMED -> READY (SUSPENDED, STEP)
22:53:25.392 INFO: [TadState] TAD state changed: READY -> DEBUG_RESUMED (RESUMED, STEP)
22:53:25.716 INFO: [TadState] TAD state changed: DEBUG_RESUMED -> READY (SUSPENDED, STEP)
22:53:26.927 INFO: [TadState] TAD state changed: READY -> DEBUG_RESUMED (RESUMED, STEP)
22:53:27.348 INFO: [TadState] TAD state changed: DEBUG_RESUMED -> READY (SUSPENDED, STEP)
22:53:27.860 INFO: [TadState] TAD state changed: READY -> DEBUG_RESUMED (RESUMED, STEP)
22:53:28.266 INFO: [TadState] TAD state changed: DEBUG_RESUMED -> READY (SUSPENDED, STEP)
22:53:29.550 INFO: [TadState] TAD state changed: READY -> DEBUG_RESUMED (RESUMED, STEP)
22:53:29.719 INFO: [TadState] TAD state changed: DEBUG_RESUMED -> READY (SUSPENDED, STEP)
22:53:30.261 INFO: [TadState] TAD state changed: READY -> DEBUG_RESUMED (RESUMED, STEP)
22:53:30.394 INFO: [TadState] TAD state changed: DEBUG_RESUMED -> READY (SUSPENDED, STEP)
22:53:30.946 INFO: [TadState] TAD state changed: READY -> DEBUG_RESUMED (RESUMED, STEP)
22:53:31.138 INFO: [TadState] TAD state changed: DEBUG_RESUMED -> READY (SUSPENDED, BREAKPOINT)
22:53:32.327 INFO: [TadState] TAD state changed: READY -> DEBUG_RESUMED (RESUMED, STEP)
22:53:32.624 INFO: [TadState] TAD state changed: DEBUG_RESUMED -> READY (SUSPENDED, BREAKPOINT)
22:53:35.545 INFO: [TadState] TAD state changed: READY -> DEBUG_RESUMED (RESUMED, STEP)
22:53:35.762 INFO: [TadState] TAD state changed: DEBUG_RESUMED -> READY (SUSPENDED, STEP)
22:53:37.289 INFO: [TadState] TAD state changed: READY -> DEBUG_RESUMED (RESUMED, STEP)
22:53:37.605 INFO: [TadState] TAD state changed: DEBUG_RESUMED -> READY (SUSPENDED, STEP)
22:53:38.660 INFO: [TadState] TAD state changed: READY -> DEBUG_RESUMED (RESUMED, STEP)
22:53:38.851 INFO: [TadState] TAD state changed: DEBUG_RESUMED -> READY (SUSPENDED, STEP)
22:53:39.758 INFO: [TadState] TAD state changed: READY -> DEBUG_RESUMED (RESUMED, STEP)
22:53:40.01 INFO: [TadState] TAD state changed: DEBUG_RESUMED -> READY (SUSPENDED, STEP)
22:53:40.431 INFO: [TadState] TAD state changed: READY -> DEBUG_RESUMED (RESUMED, STEP)
22:53:40.604 INFO: [TadState] TAD state changed: DEBUG_RESUMED -> READY (SUSPENDED, STEP)
22:53:41.06 INFO: [TadState] TAD state changed: READY -> DEBUG_RESUMED (RESUMED, STEP)
22:53:41.255 INFO: [TadState] TAD state changed: DEBUG_RESUMED -> READY (SUSPENDED, STEP)
22:53:41.620 INFO: [TadState] TAD state changed: READY -> DEBUG_RESUMED (RESUMED, STEP)
22:53:41.793 INFO: [TadState] TAD state changed: DEBUG_RESUMED -> READY (SUSPENDED, STEP)
22:53:42.238 INFO: [TadState] TAD state changed: READY -> DEBUG_RESUMED (RESUMED, STEP)
22:53:42.487 INFO: [TadState] TAD state changed: DEBUG_RESUMED -> READY (SUSPENDED, STEP)
22:53:42.861 INFO: [TadState] TAD state changed: READY -> DEBUG_RESUMED (RESUMED, STEP)
22:53:43.40 INFO: [TadState] TAD state changed: DEBUG_RESUMED -> READY (SUSPENDED, STEP)
22:53:43.735 INFO: [TadState] TAD state changed: READY -> DEBUG_RESUMED (RESUMED, STEP)
22:53:43.867 INFO: [TadState] TAD state changed: DEBUG_RESUMED -> READY (SUSPENDED, STEP)
22:53:47.86 INFO: [TadState] TAD state changed: READY -> DEBUG_RESUMED (RESUMED, STEP)
22:53:47.386 INFO: [TadState] TAD state changed: DEBUG_RESUMED -> READY (SUSPENDED, SIGNAL)
22:54:32.443 INFO: [TadModel] DSF session ID 0 has ended.
