"Task Aware Debugger for GDB" version 11.8.0 (202306131047)
Copyright 2016-2023 NXP
==================================
22:54:34.793 INFO: [ZephyrRTOS] .config file could not be read [C:\Users\ipave\Documents\GitHub\TCII\ADCMSIS\Release\.config (El sistema no puede encontrar el archivo especificado)]
22:54:34.793 INFO: [TadModel] DSF session ID 1 has started.
22:54:44.730 INFO: [TadState] TAD state changed: DEBUG_STARTED -> DEBUG_INIT_0 (RESUMED, USER_REQUEST)
22:54:44.780 INFO: [TadState] TAD state changed: DEBUG_INIT_0 -> DEBUG_INIT_1 (SUSPENDED, SIGNAL)
22:54:45.715 INFO: [TadState] TAD state changed: DEBUG_INIT_1 -> DEBUG_SUSPENDED (RESUMED, USER_REQUEST)
22:54:45.887 INFO: [TadState] TAD state changed: DEBUG_SUSPENDED -> DEBUG_SUSPENDED (SUSPENDED, BREAKPOINT)
22:54:49.998 INFO: [TadState] TAD state changed: DEBUG_SUSPENDED -> DEBUG_RESUMED (RESUMED, USER_REQUEST)
22:54:50.120 INFO: [TadState] TAD state changed: DEBUG_RESUMED -> READY (SUSPENDED, BREAKPOINT)
22:54:52.380 INFO: [TadState] TAD state changed: READY -> DEBUG_RESUMED (RESUMED, STEP)
22:54:52.499 INFO: [TadState] TAD state changed: DEBUG_RESUMED -> READY (SUSPENDED, STEP)
22:54:53.207 INFO: [TadState] TAD state changed: READY -> DEBUG_RESUMED (RESUMED, STEP)
22:54:53.479 INFO: [TadState] TAD state changed: DEBUG_RESUMED -> READY (SUSPENDED, STEP)
22:54:54.254 INFO: [TadState] TAD state changed: READY -> DEBUG_RESUMED (RESUMED, STEP)
22:54:54.658 INFO: [TadState] TAD state changed: DEBUG_RESUMED -> READY (SUSPENDED, STEP)
22:54:55.81 INFO: [TadState] TAD state changed: READY -> DEBUG_RESUMED (RESUMED, STEP)
22:54:55.462 INFO: [TadState] TAD state changed: DEBUG_RESUMED -> READY (SUSPENDED, STEP)
22:54:55.877 INFO: [TadState] TAD state changed: READY -> DEBUG_RESUMED (RESUMED, STEP)
22:54:56.43 INFO: [TadState] TAD state changed: DEBUG_RESUMED -> READY (SUSPENDED, STEP)
22:54:56.544 INFO: [TadState] TAD state changed: READY -> DEBUG_RESUMED (RESUMED, STEP)
22:54:56.678 INFO: [TadState] TAD state changed: DEBUG_RESUMED -> READY (SUSPENDED, STEP)
22:54:57.120 INFO: [TadState] TAD state changed: READY -> DEBUG_RESUMED (RESUMED, STEP)
22:54:57.308 INFO: [TadState] TAD state changed: DEBUG_RESUMED -> READY (SUSPENDED, BREAKPOINT)
22:54:58.280 INFO: [TadState] TAD state changed: READY -> DEBUG_RESUMED (RESUMED, STEP)
22:54:58.569 INFO: [TadState] TAD state changed: DEBUG_RESUMED -> READY (SUSPENDED, BREAKPOINT)
22:54:59.182 INFO: [TadState] TAD state changed: READY -> DEBUG_RESUMED (RESUMED, STEP)
22:54:59.486 INFO: [TadState] TAD state changed: DEBUG_RESUMED -> READY (SUSPENDED, STEP)
22:55:00.992 INFO: [TadState] TAD state changed: READY -> DEBUG_RESUMED (RESUMED, STEP)
22:55:01.272 INFO: [TadState] TAD state changed: DEBUG_RESUMED -> READY (SUSPENDED, STEP)
22:55:02.224 INFO: [TadState] TAD state changed: READY -> DEBUG_RESUMED (RESUMED, STEP)
22:55:02.674 INFO: [TadState] TAD state changed: DEBUG_RESUMED -> READY (SUSPENDED, STEP)
22:55:03.465 INFO: [TadState] TAD state changed: READY -> DEBUG_RESUMED (RESUMED, STEP)
22:55:03.641 INFO: [TadState] TAD state changed: DEBUG_RESUMED -> READY (SUSPENDED, STEP)
22:55:04.519 INFO: [TadState] TAD state changed: READY -> DEBUG_RESUMED (RESUMED, USER_REQUEST)
22:55:04.659 INFO: [TadState] TAD state changed: DEBUG_RESUMED -> READY (SUSPENDED, BREAKPOINT)
22:55:24.899 INFO: [TadState] TAD state changed: READY -> DEBUG_RESUMED (RESUMED, USER_REQUEST)
00:34:33.663 INFO: [TadModel] DSF session ID 1 has ended.
