"Task Aware Debugger for GDB" version 11.8.0 (202306131047)
Copyright 2016-2023 NXP
==================================
22:53:02.299 INFO: [TadModel] DSF session ID 0 has started.
22:53:15.22 INFO: [TadState] TAD state changed: DEBUG_STARTED -> DEBUG_INIT_0 (RESUMED, USER_REQUEST)
22:53:15.68 INFO: [TadState] TAD state changed: DEBUG_INIT_0 -> DEBUG_INIT_1 (SUSPENDED, SIGNAL)
22:53:16.313 INFO: [TadState] TAD state changed: DEBUG_INIT_1 -> DEBUG_SUSPENDED (RESUMED, USER_REQUEST)
22:53:16.598 INFO: [TadState] TAD state changed: DEBUG_SUSPENDED -> DEBUG_SUSPENDED (SUSPENDED, BREAKPOINT)
22:53:19.73 INFO: [TadState] TAD state changed: DEBUG_SUSPENDED -> DEBUG_RESUMED (RESUMED, STEP)
22:53:19.427 INFO: [TadState] TAD state changed: DEBUG_RESUMED -> READY (SUSPENDED, STEP)
22:53:19.731 INFO: [TadState] TAD state changed: READY -> DEBUG_RESUMED (RESUMED, STEP)
22:53:20.04 INFO: [TadState] TAD state changed: DEBUG_RESUMED -> READY (SUSPENDED, STEP)
22:53:20.414 INFO: [TadState] TAD state changed: READY -> DEBUG_RESUMED (RESUMED, STEP)
22:53:20.768 INFO: [TadState] TAD state changed: DEBUG_RESUMED -> READY (SUSPENDED, STEP)
22:53:21.848 INFO: [TadState] TAD state changed: READY -> DEBUG_RESUMED (RESUMED, USER_REQUEST)
22:53:21.982 INFO: [TadState] TAD state changed: DEBUG_RESUMED -> READY (SUSPENDED, BREAKPOINT)
22:53:24.600 INFO: [TadState] TAD state changed: READY -> DEBUG_RESUMED (RESUMED, STEP)
22:53:24.731 INFO: [TadState] TAD state changed: DEBUG_RESUMED -> READY (SUSPENDED, STEP)
22:53:25.393 INFO: [TadState] TAD state changed: READY -> DEBUG_RESUMED (RESUMED, STEP)
22:53:25.717 INFO: [TadState] TAD state changed: DEBUG_RESUMED -> READY (SUSPENDED, STEP)
22:53:26.927 INFO: [TadState] TAD state changed: READY -> DEBUG_RESUMED (RESUMED, STEP)
22:53:27.348 INFO: [TadState] TAD state changed: DEBUG_RESUMED -> READY (SUSPENDED, STEP)
22:53:27.861 INFO: [TadState] TAD state changed: READY -> DEBUG_RESUMED (RESUMED, STEP)
22:53:28.267 INFO: [TadState] TAD state changed: DEBUG_RESUMED -> READY (SUSPENDED, STEP)
22:53:29.551 INFO: [TadState] TAD state changed: READY -> DEBUG_RESUMED (RESUMED, STEP)
22:53:29.720 INFO: [TadState] TAD state changed: DEBUG_RESUMED -> READY (SUSPENDED, STEP)
22:53:30.262 INFO: [TadState] TAD state changed: READY -> DEBUG_RESUMED (RESUMED, STEP)
22:53:30.395 INFO: [TadState] TAD state changed: DEBUG_RESUMED -> READY (SUSPENDED, STEP)
22:53:30.946 INFO: [TadState] TAD state changed: READY -> DEBUG_RESUMED (RESUMED, STEP)
22:53:31.139 INFO: [TadState] TAD state changed: DEBUG_RESUMED -> READY (SUSPENDED, BREAKPOINT)
22:53:32.328 INFO: [TadState] TAD state changed: READY -> DEBUG_RESUMED (RESUMED, STEP)
22:53:32.625 INFO: [TadState] TAD state changed: DEBUG_RESUMED -> READY (SUSPENDED, BREAKPOINT)
22:53:35.546 INFO: [TadState] TAD state changed: READY -> DEBUG_RESUMED (RESUMED, STEP)
22:53:35.763 INFO: [TadState] TAD state changed: DEBUG_RESUMED -> READY (SUSPENDED, STEP)
22:53:37.291 INFO: [TadState] TAD state changed: READY -> DEBUG_RESUMED (RESUMED, STEP)
22:53:37.606 INFO: [TadState] TAD state changed: DEBUG_RESUMED -> READY (SUSPENDED, STEP)
22:53:38.660 INFO: [TadState] TAD state changed: READY -> DEBUG_RESUMED (RESUMED, STEP)
22:53:38.851 INFO: [TadState] TAD state changed: DEBUG_RESUMED -> READY (SUSPENDED, STEP)
22:53:39.759 INFO: [TadState] TAD state changed: READY -> DEBUG_RESUMED (RESUMED, STEP)
22:53:40.02 INFO: [TadState] TAD state changed: DEBUG_RESUMED -> READY (SUSPENDED, STEP)
22:53:40.431 INFO: [TadState] TAD state changed: READY -> DEBUG_RESUMED (RESUMED, STEP)
22:53:40.605 INFO: [TadState] TAD state changed: DEBUG_RESUMED -> READY (SUSPENDED, STEP)
22:53:41.07 INFO: [TadState] TAD state changed: READY -> DEBUG_RESUMED (RESUMED, STEP)
22:53:41.255 INFO: [TadState] TAD state changed: DEBUG_RESUMED -> READY (SUSPENDED, STEP)
22:53:41.621 INFO: [TadState] TAD state changed: READY -> DEBUG_RESUMED (RESUMED, STEP)
22:53:41.793 INFO: [TadState] TAD state changed: DEBUG_RESUMED -> READY (SUSPENDED, STEP)
22:53:42.239 INFO: [TadState] TAD state changed: READY -> DEBUG_RESUMED (RESUMED, STEP)
22:53:42.488 INFO: [TadState] TAD state changed: DEBUG_RESUMED -> READY (SUSPENDED, STEP)
22:53:42.861 INFO: [TadState] TAD state changed: READY -> DEBUG_RESUMED (RESUMED, STEP)
22:53:43.42 INFO: [TadState] TAD state changed: DEBUG_RESUMED -> READY (SUSPENDED, STEP)
22:53:43.736 INFO: [TadState] TAD state changed: READY -> DEBUG_RESUMED (RESUMED, STEP)
22:53:43.868 INFO: [TadState] TAD state changed: DEBUG_RESUMED -> READY (SUSPENDED, STEP)
22:53:47.86 INFO: [TadState] TAD state changed: READY -> DEBUG_RESUMED (RESUMED, STEP)
22:53:47.387 INFO: [TadState] TAD state changed: DEBUG_RESUMED -> READY (SUSPENDED, SIGNAL)
22:54:32.434 INFO: [TadModel] DSF session ID 0 has ended.
